<?xml version="1.0" encoding="UTF-8"?>
<testsuite xmlns:xsi="http://www.w3.org/2001/XMLSchema-instance" xsi:noNamespaceSchemaLocation="https://maven.apache.org/surefire/maven-surefire-plugin/xsd/surefire-test-report-3.0.xsd" version="3.0" name="com.blogsite.userservice.repository.UserRepositoryTest" time="7.962" tests="13" errors="0" skipped="0" failures="0">
  <properties>
[...]
</properties>
  <testcase name="testExistsByUserName_NotFound" classname="com.blogsite.userservice.repository.UserRepositoryTest" time="0.47">
    <system-out><![CDATA[2026-02-01T18:47:22.786+05:30  INFO 10928 --- [           main] t.c.s.AnnotationConfigContextLoaderUtils : Could not detect default configuration classes for test class [com.blogsite.userservice.repository.UserRepositoryTest]: UserRepositoryTest does not declare any static, non-private, non-final, nested classes annotated with @Configuration.
2026-02-01T18:47:22.847+05:30  INFO 10928 --- [           main] .b.t.c.SpringBootTestContextBootstrapper : Found @SpringBootConfiguration com.blogsite.userservice.UserServiceApplication for test class com.blogsite.userservice.repository.UserRepositoryTest

  .   ____          _            __ _ _
 /\\ / ___'_ __ _ _(_)_ __  __ _ \ \ \ \
( ( )\___ | '_ | '_| | '_ \/ _` | \ \ \ \
 \\/  ___)| |_)| | | | | || (_| |  ) ) ) )
  '  |____| .__|_| |_|_| |_\__, | / / / /
 =========|_|==============|___/=/_/_/_/
 :: Spring Boot ::                (v3.2.1)

2026-02-01T18:47:22.964+05:30  INFO 10928 --- [           main] c.b.u.repository.UserRepositoryTest      : Starting UserRepositoryTest using Java 17.0.17 with PID 10928 (started by njaya in E:\fsc_case_study\user-service)
2026-02-01T18:47:22.965+05:30  INFO 10928 --- [           main] c.b.u.repository.UserRepositoryTest      : No active profile set, falling back to 1 default profile: "default"
2026-02-01T18:47:23.504+05:30  INFO 10928 --- [           main] .s.d.r.c.RepositoryConfigurationDelegate : Bootstrapping Spring Data JPA repositories in DEFAULT mode.
2026-02-01T18:47:23.630+05:30  INFO 10928 --- [           main] .s.d.r.c.RepositoryConfigurationDelegate : Finished Spring Data repository scanning in 105 ms. Found 1 JPA repository interface.
2026-02-01T18:47:23.730+05:30  INFO 10928 --- [           main] beddedDataSourceBeanFactoryPostProcessor : Replacing 'dataSource' DataSource bean with embedded version
2026-02-01T18:47:23.900+05:30  INFO 10928 --- [           main] o.s.j.d.e.EmbeddedDatabaseFactory        : Starting embedded database: url='jdbc:h2:mem:5c9df060-adb4-43ad-ba3c-ea7b3ec6468d;DB_CLOSE_DELAY=-1;DB_CLOSE_ON_EXIT=false', username='sa'
2026-02-01T18:47:25.100+05:30  INFO 10928 --- [           main] o.hibernate.jpa.internal.util.LogHelper  : HHH000204: Processing PersistenceUnitInfo [name: default]
2026-02-01T18:47:25.305+05:30  INFO 10928 --- [           main] org.hibernate.Version                    : HHH000412: Hibernate ORM core version 6.4.1.Final
2026-02-01T18:47:25.424+05:30  INFO 10928 --- [           main] o.h.c.internal.RegionFactoryInitiator    : HHH000026: Second-level cache disabled
2026-02-01T18:47:25.889+05:30  INFO 10928 --- [           main] o.s.o.j.p.SpringPersistenceUnitInfo      : No LoadTimeWeaver setup: ignoring JPA class transformer
2026-02-01T18:47:26.052+05:30  WARN 10928 --- [           main] org.hibernate.orm.deprecation            : HHH90000025: H2Dialect does not need to be specified explicitly using 'hibernate.dialect' (remove the property setting and it will be selected by default)
2026-02-01T18:47:28.630+05:30  INFO 10928 --- [           main] o.h.e.t.j.p.i.JtaPlatformInitiator       : HHH000489: No JTA platform available (set 'hibernate.transaction.jta.platform' to enable JTA platform integration)
2026-02-01T18:47:28.698+05:30 DEBUG 10928 --- [           main] org.hibernate.SQL                        : 
    drop table if exists users cascade 
Hibernate: 
    drop table if exists users cascade 
2026-02-01T18:47:28.733+05:30 DEBUG 10928 --- [           main] org.hibernate.SQL                        : 
    create table users (
        created_at timestamp(6),
        id bigint generated by default as identity,
        updated_at timestamp(6),
        user_name varchar(50) not null unique,
        user_email varchar(100) not null unique,
        password varchar(255) not null,
        primary key (id)
    )
Hibernate: 
    create table users (
        created_at timestamp(6),
        id bigint generated by default as identity,
        updated_at timestamp(6),
        user_name varchar(50) not null unique,
        user_email varchar(100) not null unique,
        password varchar(255) not null,
        primary key (id)
    )
2026-02-01T18:47:28.772+05:30  INFO 10928 --- [           main] j.LocalContainerEntityManagerFactoryBean : Initialized JPA EntityManagerFactory for persistence unit 'default'
2026-02-01T18:47:29.817+05:30  INFO 10928 --- [           main] c.b.u.repository.UserRepositoryTest      : Started UserRepositoryTest in 6.962 seconds (process running for 21.217)
2026-02-01T18:47:30.196+05:30 DEBUG 10928 --- [           main] org.hibernate.SQL                        : 
    select
        u1_0.id 
    from
        users u1_0 
    where
        u1_0.user_name=? 
    fetch
        first ? rows only
Hibernate: 
    select
        u1_0.id 
    from
        users u1_0 
    where
        u1_0.user_name=? 
    fetch
        first ? rows only
]]></system-out>
  </testcase>
  <testcase name="testSaveUser" classname="com.blogsite.userservice.repository.UserRepositoryTest" time="0.129">
    <system-out><![CDATA[2026-02-01T18:47:30.373+05:30 DEBUG 10928 --- [           main] org.hibernate.SQL                        : 
    insert 
    into
        users
        (created_at, password, updated_at, user_email, user_name, id) 
    values
        (?, ?, ?, ?, ?, default)
Hibernate: 
    insert 
    into
        users
        (created_at, password, updated_at, user_email, user_name, id) 
    values
        (?, ?, ?, ?, ?, default)
]]></system-out>
  </testcase>
  <testcase name="testExistsByUserEmail_NotFound" classname="com.blogsite.userservice.repository.UserRepositoryTest" time="0.016">
    <system-out><![CDATA[2026-02-01T18:47:30.433+05:30 DEBUG 10928 --- [           main] org.hibernate.SQL                        : 
    select
        u1_0.id 
    from
        users u1_0 
    where
        u1_0.user_email=? 
    fetch
        first ? rows only
Hibernate: 
    select
        u1_0.id 
    from
        users u1_0 
    where
        u1_0.user_email=? 
    fetch
        first ? rows only
]]></system-out>
  </testcase>
  <testcase name="testFindByUserEmail_NotFound" classname="com.blogsite.userservice.repository.UserRepositoryTest" time="0.047">
    <system-out><![CDATA[2026-02-01T18:47:30.482+05:30 DEBUG 10928 --- [           main] org.hibernate.SQL                        : 
    select
        u1_0.id,
        u1_0.created_at,
        u1_0.password,
        u1_0.updated_at,
        u1_0.user_email,
        u1_0.user_name 
    from
        users u1_0 
    where
        u1_0.user_email=?
Hibernate: 
    select
        u1_0.id,
        u1_0.created_at,
        u1_0.password,
        u1_0.updated_at,
        u1_0.user_email,
        u1_0.user_name 
    from
        users u1_0 
    where
        u1_0.user_email=?
]]></system-out>
  </testcase>
  <testcase name="testFindById" classname="com.blogsite.userservice.repository.UserRepositoryTest" time="0.074">
    <system-out><![CDATA[2026-02-01T18:47:30.501+05:30 DEBUG 10928 --- [           main] org.hibernate.SQL                        : 
    insert 
    into
        users
        (created_at, password, updated_at, user_email, user_name, id) 
    values
        (?, ?, ?, ?, ?, default)
Hibernate: 
    insert 
    into
        users
        (created_at, password, updated_at, user_email, user_name, id) 
    values
        (?, ?, ?, ?, ?, default)
]]></system-out>
  </testcase>
  <testcase name="testFindByUserName" classname="com.blogsite.userservice.repository.UserRepositoryTest" time="0.022">
    <system-out><![CDATA[2026-02-01T18:47:30.574+05:30 DEBUG 10928 --- [           main] org.hibernate.SQL                        : 
    insert 
    into
        users
        (created_at, password, updated_at, user_email, user_name, id) 
    values
        (?, ?, ?, ?, ?, default)
Hibernate: 
    insert 
    into
        users
        (created_at, password, updated_at, user_email, user_name, id) 
    values
        (?, ?, ?, ?, ?, default)
2026-02-01T18:47:30.582+05:30 DEBUG 10928 --- [           main] org.hibernate.SQL                        : 
    select
        u1_0.id,
        u1_0.created_at,
        u1_0.password,
        u1_0.updated_at,
        u1_0.user_email,
        u1_0.user_name 
    from
        users u1_0 
    where
        u1_0.user_name=?
Hibernate: 
    select
        u1_0.id,
        u1_0.created_at,
        u1_0.password,
        u1_0.updated_at,
        u1_0.user_email,
        u1_0.user_name 
    from
        users u1_0 
    where
        u1_0.user_name=?
]]></system-out>
  </testcase>
  <testcase name="testExistsByUserName" classname="com.blogsite.userservice.repository.UserRepositoryTest" time="0.017">
    <system-out><![CDATA[2026-02-01T18:47:30.599+05:30 DEBUG 10928 --- [           main] org.hibernate.SQL                        : 
    insert 
    into
        users
        (created_at, password, updated_at, user_email, user_name, id) 
    values
        (?, ?, ?, ?, ?, default)
Hibernate: 
    insert 
    into
        users
        (created_at, password, updated_at, user_email, user_name, id) 
    values
        (?, ?, ?, ?, ?, default)
2026-02-01T18:47:30.603+05:30 DEBUG 10928 --- [           main] org.hibernate.SQL                        : 
    select
        u1_0.id 
    from
        users u1_0 
    where
        u1_0.user_name=? 
    fetch
        first ? rows only
Hibernate: 
    select
        u1_0.id 
    from
        users u1_0 
    where
        u1_0.user_name=? 
    fetch
        first ? rows only
]]></system-out>
  </testcase>
  <testcase name="testUniqueUsernameConstraint" classname="com.blogsite.userservice.repository.UserRepositoryTest" time="0.019">
    <system-out><![CDATA[2026-02-01T18:47:30.618+05:30 DEBUG 10928 --- [           main] org.hibernate.SQL                        : 
    insert 
    into
        users
        (created_at, password, updated_at, user_email, user_name, id) 
    values
        (?, ?, ?, ?, ?, default)
Hibernate: 
    insert 
    into
        users
        (created_at, password, updated_at, user_email, user_name, id) 
    values
        (?, ?, ?, ?, ?, default)
2026-02-01T18:47:30.628+05:30 DEBUG 10928 --- [           main] org.hibernate.SQL                        : 
    select
        u1_0.id 
    from
        users u1_0 
    where
        u1_0.user_name=? 
    fetch
        first ? rows only
Hibernate: 
    select
        u1_0.id 
    from
        users u1_0 
    where
        u1_0.user_name=? 
    fetch
        first ? rows only
]]></system-out>
  </testcase>
  <testcase name="testDeleteUser" classname="com.blogsite.userservice.repository.UserRepositoryTest" time="0.027">
    <system-out><![CDATA[2026-02-01T18:47:30.642+05:30 DEBUG 10928 --- [           main] org.hibernate.SQL                        : 
    insert 
    into
        users
        (created_at, password, updated_at, user_email, user_name, id) 
    values
        (?, ?, ?, ?, ?, default)
Hibernate: 
    insert 
    into
        users
        (created_at, password, updated_at, user_email, user_name, id) 
    values
        (?, ?, ?, ?, ?, default)
]]></system-out>
  </testcase>
  <testcase name="testExistsByUserEmail" classname="com.blogsite.userservice.repository.UserRepositoryTest" time="0.016">
    <system-out><![CDATA[2026-02-01T18:47:30.666+05:30 DEBUG 10928 --- [           main] org.hibernate.SQL                        : 
    insert 
    into
        users
        (created_at, password, updated_at, user_email, user_name, id) 
    values
        (?, ?, ?, ?, ?, default)
Hibernate: 
    insert 
    into
        users
        (created_at, password, updated_at, user_email, user_name, id) 
    values
        (?, ?, ?, ?, ?, default)
2026-02-01T18:47:30.672+05:30 DEBUG 10928 --- [           main] org.hibernate.SQL                        : 
    select
        u1_0.id 
    from
        users u1_0 
    where
        u1_0.user_email=? 
    fetch
        first ? rows only
Hibernate: 
    select
        u1_0.id 
    from
        users u1_0 
    where
        u1_0.user_email=? 
    fetch
        first ? rows only
]]></system-out>
  </testcase>
  <testcase name="testFindByUserEmail" classname="com.blogsite.userservice.repository.UserRepositoryTest" time="0.021">
    <system-out><![CDATA[2026-02-01T18:47:30.685+05:30 DEBUG 10928 --- [           main] org.hibernate.SQL                        : 
    insert 
    into
        users
        (created_at, password, updated_at, user_email, user_name, id) 
    values
        (?, ?, ?, ?, ?, default)
Hibernate: 
    insert 
    into
        users
        (created_at, password, updated_at, user_email, user_name, id) 
    values
        (?, ?, ?, ?, ?, default)
2026-02-01T18:47:30.694+05:30 DEBUG 10928 --- [           main] org.hibernate.SQL                        : 
    select
        u1_0.id,
        u1_0.created_at,
        u1_0.password,
        u1_0.updated_at,
        u1_0.user_email,
        u1_0.user_name 
    from
        users u1_0 
    where
        u1_0.user_email=?
Hibernate: 
    select
        u1_0.id,
        u1_0.created_at,
        u1_0.password,
        u1_0.updated_at,
        u1_0.user_email,
        u1_0.user_name 
    from
        users u1_0 
    where
        u1_0.user_email=?
]]></system-out>
  </testcase>
  <testcase name="testUniqueEmailConstraint" classname="com.blogsite.userservice.repository.UserRepositoryTest" time="0.015">
    <system-out><![CDATA[2026-02-01T18:47:30.708+05:30 DEBUG 10928 --- [           main] org.hibernate.SQL                        : 
    insert 
    into
        users
        (created_at, password, updated_at, user_email, user_name, id) 
    values
        (?, ?, ?, ?, ?, default)
Hibernate: 
    insert 
    into
        users
        (created_at, password, updated_at, user_email, user_name, id) 
    values
        (?, ?, ?, ?, ?, default)
2026-02-01T18:47:30.714+05:30 DEBUG 10928 --- [           main] org.hibernate.SQL                        : 
    select
        u1_0.id 
    from
        users u1_0 
    where
        u1_0.user_email=? 
    fetch
        first ? rows only
Hibernate: 
    select
        u1_0.id 
    from
        users u1_0 
    where
        u1_0.user_email=? 
    fetch
        first ? rows only
]]></system-out>
  </testcase>
  <testcase name="testFindByUserName_NotFound" classname="com.blogsite.userservice.repository.UserRepositoryTest" time="0.014">
    <system-out><![CDATA[2026-02-01T18:47:30.727+05:30 DEBUG 10928 --- [           main] org.hibernate.SQL                        : 
    select
        u1_0.id,
        u1_0.created_at,
        u1_0.password,
        u1_0.updated_at,
        u1_0.user_email,
        u1_0.user_name 
    from
        users u1_0 
    where
        u1_0.user_name=?
Hibernate: 
    select
        u1_0.id,
        u1_0.created_at,
        u1_0.password,
        u1_0.updated_at,
        u1_0.user_email,
        u1_0.user_name 
    from
        users u1_0 
    where
        u1_0.user_name=?
]]></system-out>
  </testcase>
</testsuite>