<?xml version="1.0" encoding="UTF-8"?>
<testsuite xmlns:xsi="http://www.w3.org/2001/XMLSchema-instance" xsi:noNamespaceSchemaLocation="https://maven.apache.org/surefire/maven-surefire-plugin/xsd/surefire-test-report-3.0.xsd" version="3.0" name="com.blogsite.userservice.repository.UserRepositoryTest" time="8.114" tests="13" errors="0" skipped="0" failures="0">
  <properties>
[...]
</properties>
  <testcase name="testExistsByUserName_NotFound" classname="com.blogsite.userservice.repository.UserRepositoryTest" time="0.533">
    <system-out><![CDATA[2026-02-01T18:58:40.544+05:30  INFO 20612 --- [           main] t.c.s.AnnotationConfigContextLoaderUtils : Could not detect default configuration classes for test class [com.blogsite.userservice.repository.UserRepositoryTest]: UserRepositoryTest does not declare any static, non-private, non-final, nested classes annotated with @Configuration.
2026-02-01T18:58:40.601+05:30  INFO 20612 --- [           main] .b.t.c.SpringBootTestContextBootstrapper : Found @SpringBootConfiguration com.blogsite.userservice.UserServiceApplication for test class com.blogsite.userservice.repository.UserRepositoryTest

  .   ____          _            __ _ _
 /\\ / ___'_ __ _ _(_)_ __  __ _ \ \ \ \
( ( )\___ | '_ | '_| | '_ \/ _` | \ \ \ \
 \\/  ___)| |_)| | | | | || (_| |  ) ) ) )
  '  |____| .__|_| |_|_| |_\__, | / / / /
 =========|_|==============|___/=/_/_/_/
 :: Spring Boot ::                (v3.2.1)

2026-02-01T18:58:40.701+05:30  INFO 20612 --- [           main] c.b.u.repository.UserRepositoryTest      : Starting UserRepositoryTest using Java 17.0.17 with PID 20612 (started by njaya in E:\fsc_case_study\user-service)
2026-02-01T18:58:40.701+05:30  INFO 20612 --- [           main] c.b.u.repository.UserRepositoryTest      : No active profile set, falling back to 1 default profile: "default"
2026-02-01T18:58:41.210+05:30  INFO 20612 --- [           main] .s.d.r.c.RepositoryConfigurationDelegate : Bootstrapping Spring Data JPA repositories in DEFAULT mode.
2026-02-01T18:58:41.316+05:30  INFO 20612 --- [           main] .s.d.r.c.RepositoryConfigurationDelegate : Finished Spring Data repository scanning in 85 ms. Found 1 JPA repository interface.
2026-02-01T18:58:41.426+05:30  INFO 20612 --- [           main] beddedDataSourceBeanFactoryPostProcessor : Replacing 'dataSource' DataSource bean with embedded version
2026-02-01T18:58:41.596+05:30  INFO 20612 --- [           main] o.s.j.d.e.EmbeddedDatabaseFactory        : Starting embedded database: url='jdbc:h2:mem:bb3b51ee-0dca-44ad-86b2-2d8a18738f51;DB_CLOSE_DELAY=-1;DB_CLOSE_ON_EXIT=false', username='sa'
2026-02-01T18:58:42.806+05:30  INFO 20612 --- [           main] o.hibernate.jpa.internal.util.LogHelper  : HHH000204: Processing PersistenceUnitInfo [name: default]
2026-02-01T18:58:43.023+05:30  INFO 20612 --- [           main] org.hibernate.Version                    : HHH000412: Hibernate ORM core version 6.4.1.Final
2026-02-01T18:58:43.160+05:30  INFO 20612 --- [           main] o.h.c.internal.RegionFactoryInitiator    : HHH000026: Second-level cache disabled
2026-02-01T18:58:43.563+05:30  INFO 20612 --- [           main] o.s.o.j.p.SpringPersistenceUnitInfo      : No LoadTimeWeaver setup: ignoring JPA class transformer
2026-02-01T18:58:43.727+05:30  WARN 20612 --- [           main] org.hibernate.orm.deprecation            : HHH90000025: H2Dialect does not need to be specified explicitly using 'hibernate.dialect' (remove the property setting and it will be selected by default)
2026-02-01T18:58:46.318+05:30  INFO 20612 --- [           main] o.h.e.t.j.p.i.JtaPlatformInitiator       : HHH000489: No JTA platform available (set 'hibernate.transaction.jta.platform' to enable JTA platform integration)
2026-02-01T18:58:46.372+05:30 DEBUG 20612 --- [           main] org.hibernate.SQL                        : 
    drop table if exists users cascade 
Hibernate: 
    drop table if exists users cascade 
2026-02-01T18:58:46.400+05:30 DEBUG 20612 --- [           main] org.hibernate.SQL                        : 
    create table users (
        created_at timestamp(6),
        id bigint generated by default as identity,
        updated_at timestamp(6),
        user_name varchar(50) not null unique,
        user_email varchar(100) not null unique,
        password varchar(255) not null,
        primary key (id)
    )
Hibernate: 
    create table users (
        created_at timestamp(6),
        id bigint generated by default as identity,
        updated_at timestamp(6),
        user_name varchar(50) not null unique,
        user_email varchar(100) not null unique,
        password varchar(255) not null,
        primary key (id)
    )
2026-02-01T18:58:46.442+05:30  INFO 20612 --- [           main] j.LocalContainerEntityManagerFactoryBean : Initialized JPA EntityManagerFactory for persistence unit 'default'
2026-02-01T18:58:47.596+05:30  INFO 20612 --- [           main] c.b.u.repository.UserRepositoryTest      : Started UserRepositoryTest in 6.986 seconds (process running for 21.167)
2026-02-01T18:58:48.024+05:30 DEBUG 20612 --- [           main] org.hibernate.SQL                        : 
    select
        u1_0.id 
    from
        users u1_0 
    where
        u1_0.user_name=? 
    fetch
        first ? rows only
Hibernate: 
    select
        u1_0.id 
    from
        users u1_0 
    where
        u1_0.user_name=? 
    fetch
        first ? rows only
]]></system-out>
  </testcase>
  <testcase name="testSaveUser" classname="com.blogsite.userservice.repository.UserRepositoryTest" time="0.15">
    <system-out><![CDATA[2026-02-01T18:58:48.235+05:30 DEBUG 20612 --- [           main] org.hibernate.SQL                        : 
    insert 
    into
        users
        (created_at, password, updated_at, user_email, user_name, id) 
    values
        (?, ?, ?, ?, ?, default)
Hibernate: 
    insert 
    into
        users
        (created_at, password, updated_at, user_email, user_name, id) 
    values
        (?, ?, ?, ?, ?, default)
]]></system-out>
  </testcase>
  <testcase name="testExistsByUserEmail_NotFound" classname="com.blogsite.userservice.repository.UserRepositoryTest" time="0.015">
    <system-out><![CDATA[2026-02-01T18:58:48.298+05:30 DEBUG 20612 --- [           main] org.hibernate.SQL                        : 
    select
        u1_0.id 
    from
        users u1_0 
    where
        u1_0.user_email=? 
    fetch
        first ? rows only
Hibernate: 
    select
        u1_0.id 
    from
        users u1_0 
    where
        u1_0.user_email=? 
    fetch
        first ? rows only
]]></system-out>
  </testcase>
  <testcase name="testFindByUserEmail_NotFound" classname="com.blogsite.userservice.repository.UserRepositoryTest" time="0.062">
    <system-out><![CDATA[2026-02-01T18:58:48.358+05:30 DEBUG 20612 --- [           main] org.hibernate.SQL                        : 
    select
        u1_0.id,
        u1_0.created_at,
        u1_0.password,
        u1_0.updated_at,
        u1_0.user_email,
        u1_0.user_name 
    from
        users u1_0 
    where
        u1_0.user_email=?
Hibernate: 
    select
        u1_0.id,
        u1_0.created_at,
        u1_0.password,
        u1_0.updated_at,
        u1_0.user_email,
        u1_0.user_name 
    from
        users u1_0 
    where
        u1_0.user_email=?
]]></system-out>
  </testcase>
  <testcase name="testFindById" classname="com.blogsite.userservice.repository.UserRepositoryTest" time="0.07">
    <system-out><![CDATA[2026-02-01T18:58:48.382+05:30 DEBUG 20612 --- [           main] org.hibernate.SQL                        : 
    insert 
    into
        users
        (created_at, password, updated_at, user_email, user_name, id) 
    values
        (?, ?, ?, ?, ?, default)
Hibernate: 
    insert 
    into
        users
        (created_at, password, updated_at, user_email, user_name, id) 
    values
        (?, ?, ?, ?, ?, default)
]]></system-out>
  </testcase>
  <testcase name="testFindByUserName" classname="com.blogsite.userservice.repository.UserRepositoryTest" time="0.027">
    <system-out><![CDATA[2026-02-01T18:58:48.455+05:30 DEBUG 20612 --- [           main] org.hibernate.SQL                        : 
    insert 
    into
        users
        (created_at, password, updated_at, user_email, user_name, id) 
    values
        (?, ?, ?, ?, ?, default)
Hibernate: 
    insert 
    into
        users
        (created_at, password, updated_at, user_email, user_name, id) 
    values
        (?, ?, ?, ?, ?, default)
2026-02-01T18:58:48.463+05:30 DEBUG 20612 --- [           main] org.hibernate.SQL                        : 
    select
        u1_0.id,
        u1_0.created_at,
        u1_0.password,
        u1_0.updated_at,
        u1_0.user_email,
        u1_0.user_name 
    from
        users u1_0 
    where
        u1_0.user_name=?
Hibernate: 
    select
        u1_0.id,
        u1_0.created_at,
        u1_0.password,
        u1_0.updated_at,
        u1_0.user_email,
        u1_0.user_name 
    from
        users u1_0 
    where
        u1_0.user_name=?
]]></system-out>
  </testcase>
  <testcase name="testExistsByUserName" classname="com.blogsite.userservice.repository.UserRepositoryTest" time="0.021">
    <system-out><![CDATA[2026-02-01T18:58:48.482+05:30 DEBUG 20612 --- [           main] org.hibernate.SQL                        : 
    insert 
    into
        users
        (created_at, password, updated_at, user_email, user_name, id) 
    values
        (?, ?, ?, ?, ?, default)
Hibernate: 
    insert 
    into
        users
        (created_at, password, updated_at, user_email, user_name, id) 
    values
        (?, ?, ?, ?, ?, default)
2026-02-01T18:58:48.492+05:30 DEBUG 20612 --- [           main] org.hibernate.SQL                        : 
    select
        u1_0.id 
    from
        users u1_0 
    where
        u1_0.user_name=? 
    fetch
        first ? rows only
Hibernate: 
    select
        u1_0.id 
    from
        users u1_0 
    where
        u1_0.user_name=? 
    fetch
        first ? rows only
]]></system-out>
  </testcase>
  <testcase name="testUniqueUsernameConstraint" classname="com.blogsite.userservice.repository.UserRepositoryTest" time="0.021">
    <system-out><![CDATA[2026-02-01T18:58:48.508+05:30 DEBUG 20612 --- [           main] org.hibernate.SQL                        : 
    insert 
    into
        users
        (created_at, password, updated_at, user_email, user_name, id) 
    values
        (?, ?, ?, ?, ?, default)
Hibernate: 
    insert 
    into
        users
        (created_at, password, updated_at, user_email, user_name, id) 
    values
        (?, ?, ?, ?, ?, default)
2026-02-01T18:58:48.516+05:30 DEBUG 20612 --- [           main] org.hibernate.SQL                        : 
    select
        u1_0.id 
    from
        users u1_0 
    where
        u1_0.user_name=? 
    fetch
        first ? rows only
Hibernate: 
    select
        u1_0.id 
    from
        users u1_0 
    where
        u1_0.user_name=? 
    fetch
        first ? rows only
]]></system-out>
  </testcase>
  <testcase name="testDeleteUser" classname="com.blogsite.userservice.repository.UserRepositoryTest" time="0.027">
    <system-out><![CDATA[2026-02-01T18:58:48.531+05:30 DEBUG 20612 --- [           main] org.hibernate.SQL                        : 
    insert 
    into
        users
        (created_at, password, updated_at, user_email, user_name, id) 
    values
        (?, ?, ?, ?, ?, default)
Hibernate: 
    insert 
    into
        users
        (created_at, password, updated_at, user_email, user_name, id) 
    values
        (?, ?, ?, ?, ?, default)
]]></system-out>
  </testcase>
  <testcase name="testExistsByUserEmail" classname="com.blogsite.userservice.repository.UserRepositoryTest" time="0.018">
    <system-out><![CDATA[2026-02-01T18:58:48.560+05:30 DEBUG 20612 --- [           main] org.hibernate.SQL                        : 
    insert 
    into
        users
        (created_at, password, updated_at, user_email, user_name, id) 
    values
        (?, ?, ?, ?, ?, default)
Hibernate: 
    insert 
    into
        users
        (created_at, password, updated_at, user_email, user_name, id) 
    values
        (?, ?, ?, ?, ?, default)
2026-02-01T18:58:48.570+05:30 DEBUG 20612 --- [           main] org.hibernate.SQL                        : 
    select
        u1_0.id 
    from
        users u1_0 
    where
        u1_0.user_email=? 
    fetch
        first ? rows only
Hibernate: 
    select
        u1_0.id 
    from
        users u1_0 
    where
        u1_0.user_email=? 
    fetch
        first ? rows only
]]></system-out>
  </testcase>
  <testcase name="testFindByUserEmail" classname="com.blogsite.userservice.repository.UserRepositoryTest" time="0.018">
    <system-out><![CDATA[2026-02-01T18:58:48.582+05:30 DEBUG 20612 --- [           main] org.hibernate.SQL                        : 
    insert 
    into
        users
        (created_at, password, updated_at, user_email, user_name, id) 
    values
        (?, ?, ?, ?, ?, default)
Hibernate: 
    insert 
    into
        users
        (created_at, password, updated_at, user_email, user_name, id) 
    values
        (?, ?, ?, ?, ?, default)
2026-02-01T18:58:48.591+05:30 DEBUG 20612 --- [           main] org.hibernate.SQL                        : 
    select
        u1_0.id,
        u1_0.created_at,
        u1_0.password,
        u1_0.updated_at,
        u1_0.user_email,
        u1_0.user_name 
    from
        users u1_0 
    where
        u1_0.user_email=?
Hibernate: 
    select
        u1_0.id,
        u1_0.created_at,
        u1_0.password,
        u1_0.updated_at,
        u1_0.user_email,
        u1_0.user_name 
    from
        users u1_0 
    where
        u1_0.user_email=?
]]></system-out>
  </testcase>
  <testcase name="testUniqueEmailConstraint" classname="com.blogsite.userservice.repository.UserRepositoryTest" time="0.032">
    <system-out><![CDATA[2026-02-01T18:58:48.610+05:30 DEBUG 20612 --- [           main] org.hibernate.SQL                        : 
    insert 
    into
        users
        (created_at, password, updated_at, user_email, user_name, id) 
    values
        (?, ?, ?, ?, ?, default)
Hibernate: 
    insert 
    into
        users
        (created_at, password, updated_at, user_email, user_name, id) 
    values
        (?, ?, ?, ?, ?, default)
2026-02-01T18:58:48.610+05:30 DEBUG 20612 --- [           main] org.hibernate.SQL                        : 
    select
        u1_0.id 
    from
        users u1_0 
    where
        u1_0.user_email=? 
    fetch
        first ? rows only
Hibernate: 
    select
        u1_0.id 
    from
        users u1_0 
    where
        u1_0.user_email=? 
    fetch
        first ? rows only
]]></system-out>
  </testcase>
  <testcase name="testFindByUserName_NotFound" classname="com.blogsite.userservice.repository.UserRepositoryTest" time="0.016">
    <system-out><![CDATA[2026-02-01T18:58:48.639+05:30 DEBUG 20612 --- [           main] org.hibernate.SQL                        : 
    select
        u1_0.id,
        u1_0.created_at,
        u1_0.password,
        u1_0.updated_at,
        u1_0.user_email,
        u1_0.user_name 
    from
        users u1_0 
    where
        u1_0.user_name=?
Hibernate: 
    select
        u1_0.id,
        u1_0.created_at,
        u1_0.password,
        u1_0.updated_at,
        u1_0.user_email,
        u1_0.user_name 
    from
        users u1_0 
    where
        u1_0.user_name=?
]]></system-out>
  </testcase>
</testsuite>